<?xml version="1.0" encoding="UTF-8"?>
<!-- Generated by org.testng.reporters.JUnitXMLReporter -->
<testsuite ignored="1" hostname="Kapil" failures="0" tests="1" name="Default test" time="0.04" errors="0" timestamp="2024-06-11T20:47:49 EDT">
  <testcase classname="JavaLeanring.JavaPrograms.reversenumber" name="reverse_number_approach" time="0.011"/>
  <testcase classname="JavaLeanring.JavaPrograms.reversenumber" name="another_approach" time="0.0">
    <ignored/>
  </testcase> <!-- another_approach -->
</testsuite> <!-- Default test -->
